[debug] [2019-04-29T09:46:42.376Z] ----------------------------------------------------------------------
[debug] [2019-04-29T09:46:42.380Z] Command:       /Users/oba/.nvm/versions/node/v8.15.0/bin/node /Users/oba/.nvm/versions/node/v8.15.0/bin/firebase serve --only functions
[debug] [2019-04-29T09:46:42.380Z] CLI Version:   6.5.2
[debug] [2019-04-29T09:46:42.380Z] Platform:      darwin
[debug] [2019-04-29T09:46:42.381Z] Node Version:  v8.15.0
[debug] [2019-04-29T09:46:42.381Z] Time:          Mon Apr 29 2019 18:46:42 GMT+0900 (JST)
[debug] [2019-04-29T09:46:42.381Z] ----------------------------------------------------------------------
[debug] 
[debug] [2019-04-29T09:46:42.402Z] > command requires scopes: ["email","openid","https://www.googleapis.com/auth/cloudplatformprojects.readonly","https://www.googleapis.com/auth/firebase","https://www.googleapis.com/auth/cloud-platform"]
[debug] [2019-04-29T09:46:42.402Z] > authorizing via signed-in user
[debug] [2019-04-29T09:46:42.402Z] [iam] checking project ca-dark-history for permissions ["firebase.projects.get"]
[debug] [2019-04-29T09:46:42.404Z] >>> HTTP REQUEST POST https://cloudresourcemanager.googleapis.com/v1/projects/ca-dark-history:testIamPermissions  

[debug] [2019-04-29T09:46:43.246Z] <<< HTTP RESPONSE 200
[debug] [2019-04-29T09:46:43.249Z] >>> HTTP REQUEST GET https://cloudresourcemanager.googleapis.com/v1/projects/ca-dark-history  
 
[debug] [2019-04-29T09:46:44.151Z] <<< HTTP RESPONSE 200
[info] 
[info] === Serving from '/Users/oba/Documents/vue/dark-history'...
[info] 
[info] i  functions: Preparing to emulate functions.
[debug] [2019-04-29T09:46:45.875Z] Fetching environment
[debug] [2019-04-29T09:46:45.894Z] >>> HTTP REQUEST GET https://mobilesdk-pa.googleapis.com/v1/projects/904856163317:getServerAppConfig  
 
[debug] [2019-04-29T09:46:46.362Z] <<< HTTP RESPONSE 200
[debug] [2019-04-29T09:46:46.363Z] Starting @google-cloud/functions-emulator
[debug] [2019-04-29T09:46:48.455Z] Parsing function triggers
[info] ✔  functions: ogp: http://localhost:5000/ca-dark-history/us-central1/ogp
[info] ✔  functions: api: http://localhost:5000/ca-dark-history/us-central1/api
